<?xml version="1.0" encoding="UTF-8"?>
<!-- Generated by org.testng.reporters.JUnitReportReporter -->
<testsuite skipped="0" hostname="DESKTOP-1ED7RA0" name="com.vmb.testcases.TC001_LoginSalesForce" tests="1" failures="0" timestamp="10 Jul 2018 17:17:56 GMT" time="55.928" errors="0">
  <testcase name="loginSuccessful" time="55.928" classname="com.vmb.testcases.TC001_LoginSalesForce"/>
</testsuite> <!-- com.vmb.testcases.TC001_LoginSalesForce -->
